<?xml version="1.0" encoding="UTF-8"?>
<testng-results ignored="0" total="2" passed="2" failed="0" skipped="0">
  <reporter-output>
  </reporter-output>
  <suite started-at="2021-05-06T16:06:00 IST" name="Default suite" finished-at="2021-05-06T16:07:12 IST" duration-ms="71627">
    <groups>
    </groups>
    <test started-at="2021-05-06T16:06:00 IST" name="Default test" finished-at="2021-05-06T16:07:12 IST" duration-ms="71627">
      <class name="CalleyStandardUpload.CSVfile">
        <test-method is-config="true" signature="setUp()[pri:0, instance:CalleyStandardUpload.CSVfile@26275bef]" started-at="2021-05-06T16:06:00 IST" name="setUp" finished-at="2021-05-06T16:06:03 IST" duration-ms="3521" status="PASS">
          <reporter-output>
          </reporter-output>
        </test-method> <!-- setUp -->
        <test-method signature="testRegister()[pri:1, instance:CalleyStandardUpload.CSVfile@26275bef]" started-at="2021-05-06T16:06:04 IST" name="testRegister" finished-at="2021-05-06T16:06:31 IST" duration-ms="27521" status="PASS">
          <reporter-output>
          </reporter-output>
        </test-method> <!-- testRegister -->
        <test-method signature="testUploadCSV()[pri:2, instance:CalleyStandardUpload.CSVfile@26275bef]" started-at="2021-05-06T16:06:31 IST" name="testUploadCSV" finished-at="2021-05-06T16:07:10 IST" duration-ms="39216" status="PASS">
          <reporter-output>
          </reporter-output>
        </test-method> <!-- testUploadCSV -->
        <test-method is-config="true" signature="tearDown()[pri:0, instance:CalleyStandardUpload.CSVfile@26275bef]" started-at="2021-05-06T16:07:10 IST" name="tearDown" finished-at="2021-05-06T16:07:12 IST" duration-ms="1263" status="PASS">
          <reporter-output>
          </reporter-output>
        </test-method> <!-- tearDown -->
      </class> <!-- CalleyStandardUpload.CSVfile -->
    </test> <!-- Default test -->
  </suite> <!-- Default suite -->
</testng-results>
